 _________________________________________________

 KRAKEN- SWellEx96                                                               
 Frequency =   109.0    Hz   NMedia =   3


     N2-LINEAR approximation to SSP
     Attenuation units: dB/mkHz
     VACUUM


   z (m)     alphaR (m/s)     betaR   rho (g/cm^3)  alphaI     betaI


          ( Number of pts =     0  RMS roughness =   0.00     )
      0.00      1521.95      0.00     1.00       0.0000    0.0000
      1.08      1521.57      0.00     1.00       0.0000    0.0000
      2.17      1521.36      0.00     1.00       0.0000    0.0000
      3.25      1521.24      0.00     1.00       0.0000    0.0000
      4.33      1521.16      0.00     1.00       0.0000    0.0000
      5.41      1521.03      0.00     1.00       0.0000    0.0000
      6.50      1520.79      0.00     1.00       0.0000    0.0000
      7.58      1520.37      0.00     1.00       0.0000    0.0000
      8.66      1519.69      0.00     1.00       0.0000    0.0000
      9.74      1518.69      0.00     1.00       0.0000    0.0000
     10.82      1517.29      0.00     1.00       0.0000    0.0000
     11.91      1515.43      0.00     1.00       0.0000    0.0000
     12.99      1513.07      0.00     1.00       0.0000    0.0000
     14.07      1510.37      0.00     1.00       0.0000    0.0000
     15.15      1507.54      0.00     1.00       0.0000    0.0000
     16.24      1504.81      0.00     1.00       0.0000    0.0000
     17.32      1502.40      0.00     1.00       0.0000    0.0000
     18.40      1500.51      0.00     1.00       0.0000    0.0000
     19.48      1499.23      0.00     1.00       0.0000    0.0000
     20.57      1498.43      0.00     1.00       0.0000    0.0000
     21.65      1497.98      0.00     1.00       0.0000    0.0000
     22.73      1497.72      0.00     1.00       0.0000    0.0000
     23.82      1497.52      0.00     1.00       0.0000    0.0000
     24.90      1497.26      0.00     1.00       0.0000    0.0000
     25.98      1496.91      0.00     1.00       0.0000    0.0000
     27.06      1496.50      0.00     1.00       0.0000    0.0000
     28.14      1496.06      0.00     1.00       0.0000    0.0000
     29.23      1495.60      0.00     1.00       0.0000    0.0000
     30.31      1495.14      0.00     1.00       0.0000    0.0000
     31.39      1494.71      0.00     1.00       0.0000    0.0000
     32.48      1494.31      0.00     1.00       0.0000    0.0000
     33.56      1493.94      0.00     1.00       0.0000    0.0000
     34.64      1493.60      0.00     1.00       0.0000    0.0000
     35.72      1493.30      0.00     1.00       0.0000    0.0000
     36.80      1493.04      0.00     1.00       0.0000    0.0000
     37.89      1492.82      0.00     1.00       0.0000    0.0000
     38.97      1492.64      0.00     1.00       0.0000    0.0000
     40.05      1492.48      0.00     1.00       0.0000    0.0000
     41.13      1492.36      0.00     1.00       0.0000    0.0000
     42.22      1492.26      0.00     1.00       0.0000    0.0000
     43.30      1492.19      0.00     1.00       0.0000    0.0000
     44.38      1492.13      0.00     1.00       0.0000    0.0000
     45.47      1492.08      0.00     1.00       0.0000    0.0000
     46.55      1492.03      0.00     1.00       0.0000    0.0000
     47.63      1491.99      0.00     1.00       0.0000    0.0000
     48.71      1491.93      0.00     1.00       0.0000    0.0000
     49.80      1491.86      0.00     1.00       0.0000    0.0000
     50.88      1491.77      0.00     1.00       0.0000    0.0000
     51.96      1491.68      0.00     1.00       0.0000    0.0000
     53.04      1491.57      0.00     1.00       0.0000    0.0000
     54.13      1491.47      0.00     1.00       0.0000    0.0000
     55.21      1491.36      0.00     1.00       0.0000    0.0000
     56.29      1491.25      0.00     1.00       0.0000    0.0000
     57.37      1491.14      0.00     1.00       0.0000    0.0000
     58.45      1491.04      0.00     1.00       0.0000    0.0000
     59.54      1490.93      0.00     1.00       0.0000    0.0000
     60.62      1490.84      0.00     1.00       0.0000    0.0000
     61.70      1490.75      0.00     1.00       0.0000    0.0000
     62.78      1490.67      0.00     1.00       0.0000    0.0000
     63.87      1490.59      0.00     1.00       0.0000    0.0000
     64.95      1490.50      0.00     1.00       0.0000    0.0000
     66.03      1490.42      0.00     1.00       0.0000    0.0000
     67.11      1490.33      0.00     1.00       0.0000    0.0000
     68.20      1490.23      0.00     1.00       0.0000    0.0000
     69.28      1490.13      0.00     1.00       0.0000    0.0000
     70.36      1490.03      0.00     1.00       0.0000    0.0000
     71.44      1489.94      0.00     1.00       0.0000    0.0000
     72.53      1489.86      0.00     1.00       0.0000    0.0000
     73.61      1489.79      0.00     1.00       0.0000    0.0000
     74.69      1489.73      0.00     1.00       0.0000    0.0000
     75.78      1489.68      0.00     1.00       0.0000    0.0000
     76.86      1489.65      0.00     1.00       0.0000    0.0000
     77.94      1489.63      0.00     1.00       0.0000    0.0000
     79.02      1489.62      0.00     1.00       0.0000    0.0000
     80.11      1489.62      0.00     1.00       0.0000    0.0000
     81.19      1489.63      0.00     1.00       0.0000    0.0000
     82.27      1489.63      0.00     1.00       0.0000    0.0000
     83.35      1489.64      0.00     1.00       0.0000    0.0000
     84.44      1489.63      0.00     1.00       0.0000    0.0000
     85.52      1489.61      0.00     1.00       0.0000    0.0000
     86.60      1489.57      0.00     1.00       0.0000    0.0000
     87.68      1489.52      0.00     1.00       0.0000    0.0000
     88.77      1489.45      0.00     1.00       0.0000    0.0000
     89.85      1489.38      0.00     1.00       0.0000    0.0000
     90.93      1489.30      0.00     1.00       0.0000    0.0000
     92.01      1489.20      0.00     1.00       0.0000    0.0000
     93.09      1489.11      0.00     1.00       0.0000    0.0000
     94.18      1489.01      0.00     1.00       0.0000    0.0000
     95.26      1488.90      0.00     1.00       0.0000    0.0000
     96.34      1488.79      0.00     1.00       0.0000    0.0000
     97.42      1488.68      0.00     1.00       0.0000    0.0000
     98.51      1488.56      0.00     1.00       0.0000    0.0000
     99.59      1488.45      0.00     1.00       0.0000    0.0000
    100.67      1488.35      0.00     1.00       0.0000    0.0000
    101.75      1488.26      0.00     1.00       0.0000    0.0000
    102.84      1488.19      0.00     1.00       0.0000    0.0000
    103.92      1488.14      0.00     1.00       0.0000    0.0000
    105.00      1488.10      0.00     1.00       0.0000    0.0000
    106.08      1488.08      0.00     1.00       0.0000    0.0000
    107.17      1488.05      0.00     1.00       0.0000    0.0000
    108.25      1488.02      0.00     1.00       0.0000    0.0000
    109.33      1487.97      0.00     1.00       0.0000    0.0000
    110.42      1487.92      0.00     1.00       0.0000    0.0000
    111.50      1487.85      0.00     1.00       0.0000    0.0000
    112.58      1487.79      0.00     1.00       0.0000    0.0000
    113.66      1487.74      0.00     1.00       0.0000    0.0000
    114.75      1487.71      0.00     1.00       0.0000    0.0000
    115.83      1487.72      0.00     1.00       0.0000    0.0000
    116.91      1487.75      0.00     1.00       0.0000    0.0000
    117.99      1487.80      0.00     1.00       0.0000    0.0000
    119.08      1487.87      0.00     1.00       0.0000    0.0000
    120.16      1487.94      0.00     1.00       0.0000    0.0000
    121.24      1488.01      0.00     1.00       0.0000    0.0000
    122.32      1488.08      0.00     1.00       0.0000    0.0000
    123.41      1488.14      0.00     1.00       0.0000    0.0000
    124.49      1488.20      0.00     1.00       0.0000    0.0000
    125.57      1488.26      0.00     1.00       0.0000    0.0000
    126.65      1488.32      0.00     1.00       0.0000    0.0000
    127.73      1488.40      0.00     1.00       0.0000    0.0000
    128.82      1488.48      0.00     1.00       0.0000    0.0000
    129.90      1488.58      0.00     1.00       0.0000    0.0000
    130.98      1488.67      0.00     1.00       0.0000    0.0000
    132.06      1488.76      0.00     1.00       0.0000    0.0000
    133.15      1488.83      0.00     1.00       0.0000    0.0000
    134.23      1488.88      0.00     1.00       0.0000    0.0000
    135.31      1488.92      0.00     1.00       0.0000    0.0000
    136.40      1488.94      0.00     1.00       0.0000    0.0000
    137.48      1488.95      0.00     1.00       0.0000    0.0000
    138.56      1488.95      0.00     1.00       0.0000    0.0000
    139.64      1488.95      0.00     1.00       0.0000    0.0000
    140.72      1488.94      0.00     1.00       0.0000    0.0000
    141.81      1488.94      0.00     1.00       0.0000    0.0000
    142.89      1488.93      0.00     1.00       0.0000    0.0000
    143.97      1488.92      0.00     1.00       0.0000    0.0000
    145.06      1488.91      0.00     1.00       0.0000    0.0000
    146.14      1488.91      0.00     1.00       0.0000    0.0000
    147.22      1488.90      0.00     1.00       0.0000    0.0000
    148.30      1488.90      0.00     1.00       0.0000    0.0000
    149.38      1488.90      0.00     1.00       0.0000    0.0000
    150.47      1488.90      0.00     1.00       0.0000    0.0000
    151.55      1488.91      0.00     1.00       0.0000    0.0000
    152.63      1488.93      0.00     1.00       0.0000    0.0000
    153.72      1488.94      0.00     1.00       0.0000    0.0000
    154.80      1488.96      0.00     1.00       0.0000    0.0000
    155.88      1488.98      0.00     1.00       0.0000    0.0000
    156.96      1488.99      0.00     1.00       0.0000    0.0000
    158.04      1488.99      0.00     1.00       0.0000    0.0000
    159.13      1488.98      0.00     1.00       0.0000    0.0000
    160.21      1488.97      0.00     1.00       0.0000    0.0000
    161.29      1488.95      0.00     1.00       0.0000    0.0000
    162.38      1488.93      0.00     1.00       0.0000    0.0000
    163.46      1488.91      0.00     1.00       0.0000    0.0000
    164.54      1488.89      0.00     1.00       0.0000    0.0000
    165.62      1488.87      0.00     1.00       0.0000    0.0000
    166.71      1488.86      0.00     1.00       0.0000    0.0000
    167.79      1488.85      0.00     1.00       0.0000    0.0000
    168.87      1488.83      0.00     1.00       0.0000    0.0000
    169.95      1488.82      0.00     1.00       0.0000    0.0000
    171.03      1488.81      0.00     1.00       0.0000    0.0000
    172.12      1488.79      0.00     1.00       0.0000    0.0000
    173.20      1488.78      0.00     1.00       0.0000    0.0000
    174.28      1488.78      0.00     1.00       0.0000    0.0000
    175.37      1488.78      0.00     1.00       0.0000    0.0000
    176.45      1488.78      0.00     1.00       0.0000    0.0000
    177.53      1488.80      0.00     1.00       0.0000    0.0000
    178.61      1488.82      0.00     1.00       0.0000    0.0000
    179.69      1488.84      0.00     1.00       0.0000    0.0000
    180.78      1488.86      0.00     1.00       0.0000    0.0000
    181.86      1488.88      0.00     1.00       0.0000    0.0000
    182.94      1488.89      0.00     1.00       0.0000    0.0000
    184.03      1488.89      0.00     1.00       0.0000    0.0000
    185.11      1488.88      0.00     1.00       0.0000    0.0000
    186.19      1488.87      0.00     1.00       0.0000    0.0000
    187.27      1488.85      0.00     1.00       0.0000    0.0000
    188.35      1488.82      0.00     1.00       0.0000    0.0000
    189.44      1488.78      0.00     1.00       0.0000    0.0000
    190.52      1488.74      0.00     1.00       0.0000    0.0000
    191.60      1488.71      0.00     1.00       0.0000    0.0000
    192.69      1488.67      0.00     1.00       0.0000    0.0000
    193.77      1488.64      0.00     1.00       0.0000    0.0000
    194.85      1488.63      0.00     1.00       0.0000    0.0000
    195.93      1488.62      0.00     1.00       0.0000    0.0000
    197.01      1488.62      0.00     1.00       0.0000    0.0000
    198.10      1488.63      0.00     1.00       0.0000    0.0000
    199.18      1488.64      0.00     1.00       0.0000    0.0000
    200.26      1488.64      0.00     1.00       0.0000    0.0000
    201.34      1488.64      0.00     1.00       0.0000    0.0000
    202.43      1488.64      0.00     1.00       0.0000    0.0000
    203.51      1488.63      0.00     1.00       0.0000    0.0000
    204.59      1488.62      0.00     1.00       0.0000    0.0000
    205.68      1488.60      0.00     1.00       0.0000    0.0000
    206.76      1488.57      0.00     1.00       0.0000    0.0000
    207.84      1488.54      0.00     1.00       0.0000    0.0000
    208.92      1488.51      0.00     1.00       0.0000    0.0000
    210.00      1488.48      0.00     1.00       0.0000    0.0000
    211.09      1488.44      0.00     1.00       0.0000    0.0000
    212.17      1488.42      0.00     1.00       0.0000    0.0000
    213.25      1488.40      0.00     1.00       0.0000    0.0000
    214.34      1488.39      0.00     1.00       0.0000    0.0000
    215.42      1488.39      0.00     1.00       0.0000    0.0000
    216.50      1488.41      0.00     1.00       0.0000    0.0000
 Number of pts =          317

          ( Number of pts =     0  RMS roughness =   0.00     )
    216.50      1572.30      0.00     1.76       0.2000    0.0000
    240.00      1593.00      0.00     1.76       0.2000    0.0000
 Number of pts =           32

          ( Number of pts =     0  RMS roughness =   0.00     )
    240.00      1881.00      0.00     2.06       0.0600    0.0000
   1040.00      3245.00      0.00     2.06       0.0600    0.0000
 Number of pts =          537

                                 ( RMS roughness =   0.00     )
     ACOUSTO-ELASTIC half-space
   1040.00      5200.00      0.00     2.66       0.0200    0.0000

 cLow = 0.0000    m/s      cHigh = 1650.0    m/s
 RMax =    0.0000000000000000     

 Number of sources   =            1
 Source depths (m)
   9.00000    

 Number of receivers =           13
 Receiver depths (m)
   94.1250       103.500       112.875       122.250       131.625    
   141.000       150.375       159.750       169.125       178.500    
   187.875       197.250       206.625    

 Mesh multiplier   CPU seconds
  --- Number of modes =           14
        1             0.00    s

    I          k             alpha          Phase Speed       Group Speed
    1  0.4597618272     -0.1520323745E-05   1489.613008       1488.058146    
    2  0.4588754945     -0.6442649317E-05   1492.490243       1486.677445    
    3  0.4576773665     -0.9630499906E-05   1496.397350       1484.381781    
    4  0.4560687292     -0.1621925842E-04   1501.675416       1480.287777    
    5  0.4540746215     -0.2158660138E-04   1508.270152       1474.980620    
    6  0.4516203420     -0.2925220953E-04   1516.466675       1468.119913    
    7  0.4487411506     -0.3678889794E-04   1526.196556       1460.018775    
    8  0.4454282521     -0.4654565164E-04   1537.547731       1450.374628    
    9  0.4416623725     -0.6029519931E-04   1550.657790       1439.302027    
   10  0.4374395427     -0.8015432176E-04   1565.627091       1427.119505    
   11  0.4327679469     -0.1184537929E-03   1582.527550       1414.519334    
   12  0.4277166924     -0.2133846058E-03   1601.216905       1404.310676    
   13  0.4226032870     -0.5333147212E-03   1620.591272       1409.084098    
   14  0.4182604874     -0.9772329221E-03   1637.417875       1427.909364    
 _________________________________________________

 End of environmental file
